Exception in thread "main" java.lang.ExceptionInInitializerError
	at java.lang.Class.forName0(Native Method)
	at java.lang.Class.forName(Unknown Source)
	at clojure.lang.RT.classForName(RT.java:2204)
	at clojure.lang.RT.classForName(RT.java:2213)
	at clojure.lang.RT.loadClassForName(RT.java:2232)
	at clojure.lang.RT.load(RT.java:450)
	at clojure.lang.RT.load(RT.java:426)
	at clojure.core$load$fn__6548.invoke(core.clj:6046)
	at clojure.core$load.invokeStatic(core.clj:6045)
	at clojure.core$load.doInvoke(core.clj:6029)
	at clojure.lang.RestFn.invoke(RestFn.java:408)
	at clojure.core$load_one.invokeStatic(core.clj:5848)
	at clojure.core$load_one.invoke(core.clj:5843)
	at clojure.core$load_lib$fn__6493.invoke(core.clj:5888)
	at clojure.core$load_lib.invokeStatic(core.clj:5887)
	at clojure.core$load_lib.doInvoke(core.clj:5868)
	at clojure.lang.RestFn.applyTo(RestFn.java:142)
	at clojure.core$apply.invokeStatic(core.clj:659)
	at clojure.core$load_libs.invokeStatic(core.clj:5925)
	at clojure.core$load_libs.doInvoke(core.clj:5909)
	at clojure.lang.RestFn.applyTo(RestFn.java:137)
	at clojure.core$apply.invokeStatic(core.clj:659)
	at clojure.core$require.invokeStatic(core.clj:5947)
	at clojure.core$require.doInvoke(core.clj:5947)
	at clojure.lang.RestFn.invoke(RestFn.java:3894)
	at shadow.cljs.devtools.server$loading__6434__auto____17978.invoke(server.clj:1)
	at shadow.cljs.devtools.server__init.load(Unknown Source)
	at shadow.cljs.devtools.server__init.<clinit>(Unknown Source)
	at java.lang.Class.forName0(Native Method)
	at java.lang.Class.forName(Unknown Source)
	at clojure.lang.RT.classForName(RT.java:2204)
	at clojure.lang.RT.classForName(RT.java:2213)
	at clojure.lang.RT.loadClassForName(RT.java:2232)
	at clojure.lang.RT.load(RT.java:450)
	at clojure.lang.RT.load(RT.java:426)
	at clojure.core$load$fn__6548.invoke(core.clj:6046)
	at clojure.core$load.invokeStatic(core.clj:6045)
	at clojure.core$load.doInvoke(core.clj:6029)
	at clojure.lang.RestFn.invoke(RestFn.java:408)
	at clojure.core$load_one.invokeStatic(core.clj:5848)
	at clojure.core$load_one.invoke(core.clj:5843)
	at clojure.core$load_lib$fn__6493.invoke(core.clj:5888)
	at clojure.core$load_lib.invokeStatic(core.clj:5887)
	at clojure.core$load_lib.doInvoke(core.clj:5868)
	at clojure.lang.RestFn.applyTo(RestFn.java:142)
	at clojure.core$apply.invokeStatic(core.clj:659)
	at clojure.core$load_libs.invokeStatic(core.clj:5925)
	at clojure.core$load_libs.doInvoke(core.clj:5909)
	at clojure.lang.RestFn.applyTo(RestFn.java:137)
	at clojure.core$apply.invokeStatic(core.clj:659)
	at clojure.core$require.invokeStatic(core.clj:5947)
	at clojure.core$require.doInvoke(core.clj:5947)
	at clojure.lang.RestFn.invoke(RestFn.java:1289)
	at shadow.cljs.devtools.cli$loading__6434__auto____180.invoke(cli.clj:1)
	at shadow.cljs.devtools.cli__init.load(Unknown Source)
	at shadow.cljs.devtools.cli__init.<clinit>(Unknown Source)
	at java.lang.Class.forName0(Native Method)
	at java.lang.Class.forName(Unknown Source)
	at clojure.lang.RT.classForName(RT.java:2204)
	at clojure.lang.RT.classForName(RT.java:2213)
	at clojure.lang.RT.loadClassForName(RT.java:2232)
	at clojure.lang.RT.load(RT.java:450)
	at clojure.lang.RT.load(RT.java:426)
	at clojure.core$load$fn__6548.invoke(core.clj:6046)
	at clojure.core$load.invokeStatic(core.clj:6045)
	at clojure.core$load.doInvoke(core.clj:6029)
	at clojure.lang.RestFn.invoke(RestFn.java:408)
	at clojure.core$load_one.invokeStatic(core.clj:5848)
	at clojure.core$load_one.invoke(core.clj:5843)
	at clojure.core$load_lib$fn__6493.invoke(core.clj:5888)
	at clojure.core$load_lib.invokeStatic(core.clj:5887)
	at clojure.core$load_lib.doInvoke(core.clj:5868)
	at clojure.lang.RestFn.applyTo(RestFn.java:142)
	at clojure.core$apply.invokeStatic(core.clj:659)
	at clojure.core$load_libs.invokeStatic(core.clj:5925)
	at clojure.core$load_libs.doInvoke(core.clj:5909)
	at clojure.lang.RestFn.applyTo(RestFn.java:137)
	at clojure.core$apply.invokeStatic(core.clj:659)
	at clojure.core$require.invokeStatic(core.clj:5947)
	at clojure.main$main_opt.invokeStatic(main.clj:317)
	at clojure.main$main_opt.invoke(main.clj:313)
	at clojure.main$main.invokeStatic(main.clj:424)
	at clojure.main$main.doInvoke(main.clj:387)
	at clojure.lang.RestFn.applyTo(RestFn.java:137)
	at clojure.lang.Var.applyTo(Var.java:702)
	at clojure.main.main(main.java:37)
Caused by: java.lang.IllegalStateException: Attempting to call unbound fn: #'nrepl.middleware/set-descriptor!
	at clojure.lang.Var$Unbound.throwArity(Var.java:45)
	at clojure.lang.AFn.invoke(AFn.java:36)
	at shadow.cljs.devtools.server.nrepl__init.load(Unknown Source)
	at shadow.cljs.devtools.server.nrepl__init.<clinit>(Unknown Source)
	... 86 more
